2025-08-21 17:45:54,955 - INFO - 🚀 Запуск диагностики синхронизации...
2025-08-21 17:45:54,963 - INFO - Локальная БД: local_backup.db
2025-08-21 17:45:55,047 - INFO - Google Sheets: WorkLog -> WorkLog_Входящие
2025-08-21 17:45:55,369 - INFO - ✅ Загружено 90 записей из локальной БД
2025-08-21 17:45:58,531 - INFO - ✅ Загружено 193 записей из Google Sheets (WorkLog_Входящие)
2025-08-21 17:45:58,536 - INFO - 🔍 Начинаем сравнение данных...
2025-08-21 17:48:22,138 - INFO - 🚀 Запуск диагностики синхронизации...
2025-08-21 17:48:22,145 - INFO - Локальная БД: local_backup.db
2025-08-21 17:48:22,146 - INFO - Google Sheets: WorkLog -> WorkLog_Входящие
2025-08-21 17:48:22,174 - INFO - ✅ Загружено 90 записей из локальной БД
2025-08-21 17:48:24,340 - INFO - ✅ Загружено 193 записей из Google Sheets (WorkLog_Входящие)
2025-08-21 17:48:24,350 - INFO - 📊 Колонки в Google Sheets: ['Email', 'Name', 'Status', 'ActionType', 'Comment', 'Timestamp', 'SessionID', 'StatusStartTime', 'StatusEndTime']
2025-08-21 17:48:24,367 - INFO - 🔍 Начинаем сравнение данных...
2025-08-21 17:48:24,433 - INFO - 🔄 [Local DB] Колонки нормализованы: ['session_id', 'email', 'name', 'status', 'action_type', 'comment', 'timestamp', 'reason']
2025-08-21 17:48:24,479 - INFO - 🔄 [Google Sheets] Колонки нормализованы: ['session_id', 'email', 'name', 'status', 'action_type', 'comment', 'timestamp', 'reason']
2025-08-21 17:48:24,786 - WARNING - ⚠️ Найдено 59 записей в локальной БД, отсутствующих в Google Sheets:
2025-08-21 17:48:24,900 - WARNING -    {'session_id': '7@ya.ru_20250819134424', 'email': '7@ya.ru', 'name': 'Тест почты', 'status': 'В работе', 'action_type': 'LOGIN', 'comment': 'Начало смены', 'timestamp': Timestamp('2025-08-19 13:44:25.270984'), 'reason': None}
2025-08-21 17:48:25,096 - WARNING -    {'session_id': '10@ya.ru_20250819140114', 'email': '10@ya.ru', 'name': 'тест стом 3', 'status': 'В работе', 'action_type': 'LOGIN', 'comment': 'Начало смены', 'timestamp': Timestamp('2025-08-19 14:01:15.837722'), 'reason': None}
2025-08-21 17:48:25,293 - WARNING -    {'session_id': '7@ya.ru_20250820145625', 'email': '7@ya.ru', 'name': 'Тест почты', 'status': 'Завершено', 'action_type': 'LOGOUT', 'comment': 'Завершение смены (нормальное)', 'timestamp': Timestamp('2025-08-20 15:12:07.044741'), 'reason': 'user'}
2025-08-21 17:48:25,397 - WARNING -    {'session_id': '10@ya.ru_20250820154524', 'email': '10@ya.ru', 'name': 'тест стом 3', 'status': 'Завершено', 'action_type': 'LOGOUT', 'comment': 'Разлогинен администратором', 'timestamp': Timestamp('2025-08-20 15:46:31.576224'), 'reason': 'admin'}
2025-08-21 17:48:25,559 - WARNING -    {'session_id': '10@ya.ru_20250820094452', 'email': '10@ya.ru', 'name': 'тест стом 3', 'status': 'Завершено', 'action_type': 'LOGOUT', 'comment': 'Завершение смены (нормальное)', 'timestamp': Timestamp('2025-08-20 09:47:57.212039'), 'reason': 'user'}
2025-08-21 17:48:25,649 - WARNING -    {'session_id': '7@ya.ru_20250820121127', 'email': '7@ya.ru', 'name': 'Тест почты', 'status': 'Чат', 'action_type': 'STATUS_CHANGE', 'comment': None, 'timestamp': Timestamp('2025-08-20 12:11:59.088202'), 'reason': None}
2025-08-21 17:48:25,802 - WARNING -    {'session_id': '10@ya.ru_20250820154524', 'email': '10@ya.ru', 'name': 'тест стом 3', 'status': 'В работе', 'action_type': 'LOGIN', 'comment': 'Начало смены', 'timestamp': Timestamp('2025-08-20 15:45:24.967479'), 'reason': None}
2025-08-21 17:48:25,859 - WARNING -    {'session_id': '10@ya.ru_20250819132104', 'email': '10@ya.ru', 'name': 'тест стом 3', 'status': 'Перерыв', 'action_type': 'STATUS_CHANGE', 'comment': None, 'timestamp': Timestamp('2025-08-19 13:21:12.252497'), 'reason': None}
2025-08-21 17:48:25,966 - WARNING -    {'session_id': '7@ya.ru_20250819134724', 'email': '7@ya.ru', 'name': 'Тест почты', 'status': 'В работе', 'action_type': 'LOGIN', 'comment': 'Начало смены', 'timestamp': Timestamp('2025-08-19 13:47:26.210627'), 'reason': None}
2025-08-21 17:48:26,044 - WARNING -    {'session_id': '10@ya.ru_20250819140114', 'email': '10@ya.ru', 'name': 'тест стом 3', 'status': 'Завершено', 'action_type': 'LOGOUT', 'comment': 'Завершение смены (нормальное)', 'timestamp': Timestamp('2025-08-19 14:01:19.535381'), 'reason': 'user'}
2025-08-21 17:48:26,102 - WARNING - ⚠️ Найдено 103 записей в Google Sheets, отсутствующих в локальной БД:
2025-08-21 17:48:26,232 - WARNING -    {'session_id': '9@ya.ru_20250818124241', 'email': '9@ya.ru', 'name': 'тетст стом 2', 'status': 'В работе', 'action_type': 'LOGIN', 'comment': 'Начало смены', 'timestamp': Timestamp('2025-08-18 12:42:42.361993'), 'reason': None}
2025-08-21 17:48:26,343 - WARNING -    {'session_id': '7@ya.ru_20250815165337', 'email': '7@ya.ru', 'name': 'Тест почты', 'status': 'В работе', 'action_type': 'LOGIN', 'comment': 'Начало смены', 'timestamp': Timestamp('2025-08-15 16:53:37.602258'), 'reason': None}
2025-08-21 17:48:26,373 - WARNING -    {'session_id': '5@ya.ru_20250819092529', 'email': '5@ya.ru', 'name': 'Голубева Юлия Викторовна', 'status': 'Завершено', 'action_type': 'LOGOUT', 'comment': 'Приложение закрыто через крестик', 'timestamp': Timestamp('2025-08-19 09:58:02.709958'), 'reason': None}
2025-08-21 17:48:26,437 - WARNING -    {'session_id': '10@ya.ru_20250819110836', 'email': '10@ya.ru', 'name': 'тест стом 3', 'status': 'Завершено', 'action_type': 'LOGOUT', 'comment': 'Завершение смены (нормальное)', 'timestamp': Timestamp('2025-08-19 11:12:57.210095'), 'reason': None}
2025-08-21 17:48:26,520 - WARNING -    {'session_id': '5@ya.ru_20250806122238', 'email': '5@ya.ru', 'name': 'Голубева Юлия Викторовна', 'status': 'Перерыв', 'action_type': 'STATUS_CHANGE', 'comment': '', 'timestamp': Timestamp('2025-08-06 12:23:17.794544'), 'reason': None}
2025-08-21 17:48:26,635 - WARNING -    {'session_id': '7@ya.ru_20250815175511', 'email': '7@ya.ru', 'name': 'Тест почты', 'status': 'Чат', 'action_type': 'STATUS_CHANGE', 'comment': '', 'timestamp': Timestamp('2025-08-15 17:55:17.630871'), 'reason': None}
2025-08-21 17:48:26,690 - WARNING -    {'session_id': '5@ya.ru_20250813161409', 'email': '5@ya.ru', 'name': 'Голубева Юлия Викторовна', 'status': 'Завершено', 'action_type': 'LOGOUT', 'comment': 'Завершение смены (нормальное)', 'timestamp': Timestamp('2025-08-13 16:14:31.627337'), 'reason': None}
2025-08-21 17:48:26,755 - WARNING -    {'session_id': '5@ya.ru_20250805105025', 'email': '5@ya.ru', 'name': 'Голубева Юлия Викторовна', 'status': 'В работе', 'action_type': 'LOGIN', 'comment': 'Начало смены', 'timestamp': Timestamp('2025-08-05 10:50:27.034685'), 'reason': None}
2025-08-21 17:48:26,842 - WARNING -    {'session_id': '10@ya.ru_20250818150022', 'email': '10@ya.ru', 'name': 'тест стом 3', 'status': 'Завершено', 'action_type': 'LOGOUT', 'comment': 'Завершение смены (нормальное)', 'timestamp': Timestamp('2025-08-18 15:00:29.379973'), 'reason': None}
2025-08-21 17:48:27,002 - WARNING -    {'session_id': '5@ya.ru_20250815140205', 'email': '5@ya.ru', 'name': 'Голубева Юлия Викторовна', 'status': 'В работе', 'action_type': 'LOGIN', 'comment': 'Начало смены', 'timestamp': Timestamp('2025-08-15 14:02:06.537933'), 'reason': None}
2025-08-21 17:48:27,015 - INFO - ❌ Синхронизация не полная.
2025-08-21 17:52:03,949 - INFO - 🚀 Запуск диагностики синхронизации...
2025-08-21 17:52:03,952 - INFO - Локальная БД: local_backup.db
2025-08-21 17:52:03,954 - INFO - Google Sheets: WorkLog -> WorkLog_Входящие
2025-08-21 17:52:04,090 - INFO - ✅ Загружено 90 записей из локальной БД
2025-08-21 17:52:07,267 - INFO - ✅ Загружено 193 записей из Google Sheets (WorkLog_Входящие)
2025-08-21 17:52:07,314 - INFO - 📊 Колонки в Google Sheets: ['Email', 'Name', 'Status', 'ActionType', 'Comment', 'Timestamp', 'SessionID', 'StatusStartTime', 'StatusEndTime']
2025-08-21 17:52:07,372 - INFO - 🔍 Начинаем сравнение данных...
2025-08-21 17:52:07,503 - INFO - 🔄 [Local DB] Колонки нормализованы: ['session_id', 'email', 'name', 'status', 'action_type', 'comment', 'timestamp', 'reason']
2025-08-21 17:52:07,586 - INFO - 🔄 [Google Sheets] Колонки нормализованы: ['session_id', 'email', 'name', 'status', 'action_type', 'comment', 'timestamp', 'reason']
2025-08-21 17:52:07,829 - WARNING - ⚠️ Найдено 59 записей в локальной БД, отсутствующих в Google Sheets:
2025-08-21 17:52:07,873 - WARNING -    {'session_id': '7@ya.ru_20250819134424', 'email': '7@ya.ru', 'name': 'Тест почты', 'status': 'Аудио', 'action_type': 'STATUS_CHANGE', 'comment': None, 'timestamp': Timestamp('2025-08-19 13:44:53.378682'), 'reason': None}
2025-08-21 17:52:07,955 - WARNING -    {'session_id': '10@ya.ru_20250819164556', 'email': '10@ya.ru', 'name': 'тест стом 3', 'status': 'В работе', 'action_type': 'LOGIN', 'comment': 'Начало смены', 'timestamp': Timestamp('2025-08-19 16:45:57.843571'), 'reason': None}
2025-08-21 17:52:08,020 - WARNING -    {'session_id': '10@ya.ru_20250819170646', 'email': '10@ya.ru', 'name': 'тест стом 3', 'status': 'Обед', 'action_type': 'STATUS_CHANGE', 'comment': None, 'timestamp': Timestamp('2025-08-19 17:07:15.357498'), 'reason': None}
2025-08-21 17:52:08,101 - WARNING -    {'session_id': '10@ya.ru_20250820094452', 'email': '10@ya.ru', 'name': 'тест стом 3', 'status': 'Завершено', 'action_type': 'LOGOUT', 'comment': 'Завершение смены (нормальное)', 'timestamp': Timestamp('2025-08-20 09:47:57.212039'), 'reason': 'user'}
2025-08-21 17:52:08,199 - WARNING -    {'session_id': '7@ya.ru_20250820121127', 'email': '7@ya.ru', 'name': 'Тест почты', 'status': 'В работе', 'action_type': 'LOGIN', 'comment': 'Начало смены', 'timestamp': Timestamp('2025-08-20 12:11:27.914439'), 'reason': None}
2025-08-21 17:52:08,326 - WARNING -    {'session_id': '10@ya.ru_20250819132104', 'email': '10@ya.ru', 'name': 'тест стом 3', 'status': 'Перерыв', 'action_type': 'STATUS_CHANGE', 'comment': None, 'timestamp': Timestamp('2025-08-19 13:21:12.252497'), 'reason': None}
2025-08-21 17:52:08,353 - WARNING -    {'session_id': '10@ya.ru_20250820151343', 'email': '10@ya.ru', 'name': 'тест стом 3', 'status': 'Завершено', 'action_type': 'LOGOUT', 'comment': 'Завершение смены (нормальное)', 'timestamp': Timestamp('2025-08-20 15:26:37.952827'), 'reason': 'user'}
2025-08-21 17:52:08,404 - WARNING -    {'session_id': '10@ya.ru_20250820151343', 'email': '10@ya.ru', 'name': 'тест стом 3', 'status': 'В работе', 'action_type': 'LOGIN', 'comment': 'Начало смены', 'timestamp': Timestamp('2025-08-20 15:13:43.245650'), 'reason': None}
2025-08-21 17:52:08,491 - WARNING -    {'session_id': '10@ya.ru_20250819110836', 'email': '10@ya.ru', 'name': 'тест стом 3', 'status': 'Завершено', 'action_type': 'LOGOUT', 'comment': 'Завершение смены (нормальное)', 'timestamp': Timestamp('2025-08-19 11:12:57.210095'), 'reason': 'user'}
2025-08-21 17:52:08,589 - WARNING -    {'session_id': '10@ya.ru_20250819171906', 'email': '10@ya.ru', 'name': 'тест стом 3', 'status': 'Чат', 'action_type': 'STATUS_CHANGE', 'comment': None, 'timestamp': Timestamp('2025-08-19 17:19:14.216205'), 'reason': None}
2025-08-21 17:52:08,601 - WARNING - ⚠️ Найдено 103 записей в Google Sheets, отсутствующих в локальной БД:
2025-08-21 17:52:08,754 - WARNING -    {'session_id': '5@ya.ru_20250731154231', 'email': '5@ya.ru', 'name': 'Голубева Юлия Викторовна', 'status': 'Завершено', 'action_type': 'LOGOUT', 'comment': 'Разлогинен администратором', 'timestamp': Timestamp('2025-07-31 15:43:39.961685'), 'reason': None}
2025-08-21 17:52:08,807 - WARNING -    {'session_id': '7@ya.ru_20250815171858', 'email': '7@ya.ru', 'name': 'Тест почты', 'status': 'Аудио', 'action_type': 'STATUS_CHANGE', 'comment': '', 'timestamp': Timestamp('2025-08-15 17:19:03.476153'), 'reason': None}
2025-08-21 17:52:08,903 - WARNING -    {'session_id': '5@ya.ru_20250805105927', 'email': '5@ya.ru', 'name': 'Голубева Юлия Викторовна', 'status': 'В работе', 'action_type': 'LOGIN', 'comment': 'Начало смены', 'timestamp': Timestamp('2025-08-05 10:59:28.341578'), 'reason': None}
2025-08-21 17:52:09,032 - WARNING -    {'session_id': '5@ya.ru_20250815162543', 'email': '5@ya.ru', 'name': 'Голубева Юлия Викторовна', 'status': 'В работе', 'action_type': 'LOGIN', 'comment': 'Начало смены', 'timestamp': Timestamp('2025-08-15 16:25:44.365272'), 'reason': None}
2025-08-21 17:52:09,094 - WARNING -    {'session_id': '7@ya.ru_20250818110420', 'email': '7@ya.ru', 'name': 'Тест почты', 'status': 'Завершено', 'action_type': 'LOGOUT', 'comment': 'Приложение закрыто через крестик', 'timestamp': Timestamp('2025-08-18 12:19:10.287170'), 'reason': None}
2025-08-21 17:52:09,270 - WARNING -    {'session_id': '7@ya.ru_20250815171858', 'email': '7@ya.ru', 'name': 'Тест почты', 'status': 'В работе', 'action_type': 'LOGIN', 'comment': 'Начало смены', 'timestamp': Timestamp('2025-08-15 17:18:59.732117'), 'reason': None}
2025-08-21 17:52:09,315 - WARNING -    {'session_id': '5@ya.ru_20250813161409', 'email': '5@ya.ru', 'name': 'Голубева Юлия Викторовна', 'status': 'В работе', 'action_type': 'LOGIN', 'comment': 'Начало смены', 'timestamp': Timestamp('2025-08-13 16:14:13.547168'), 'reason': None}
2025-08-21 17:52:09,513 - WARNING -    {'session_id': '5@ya.ru_20250806101151', 'email': '5@ya.ru', 'name': 'Голубева Юлия Викторовна', 'status': 'В работе', 'action_type': 'LOGIN', 'comment': 'Начало смены', 'timestamp': Timestamp('2025-08-06 10:11:56.172647'), 'reason': None}
2025-08-21 17:52:09,561 - WARNING -    {'session_id': '6@ya.ru_20250806132409', 'email': '6@ya.ru', 'name': 'Шестой Чел Тест', 'status': 'Завершено', 'action_type': 'LOGOUT', 'comment': 'Завершение смены (нормальное)', 'timestamp': Timestamp('2025-08-06 13:24:35.697658'), 'reason': None}
2025-08-21 17:52:09,680 - WARNING -    {'session_id': '5@ya.ru_20250815115529', 'email': '5@ya.ru', 'name': 'Голубева Юлия Викторовна', 'status': 'В работе', 'action_type': 'LOGIN', 'comment': 'Начало смены', 'timestamp': Timestamp('2025-08-15 11:55:29.564047'), 'reason': None}
2025-08-21 17:52:09,772 - INFO - ❌ Синхронизация не полная.
